<?xml version="1.0" encoding="UTF-8"?>
<!-- Generated by org.testng.reporters.JUnitReportReporter -->
<testsuite hostname="Sundus-Firdous" failures="0" tests="1" name="com.facebook.tests.LoginTest" time="29.661" errors="0" timestamp="2024-03-16T18:15:43 IST" skipped="0">
  <testcase classname="com.facebook.tests.LoginTest" name="loginTest" time="29.661"/>
  <system-out/>
</testsuite> <!-- com.facebook.tests.LoginTest -->
