<?xml version="1.0" encoding="UTF-8"?>
<!-- Generated by org.testng.reporters.JUnitReportReporter -->
<testsuite hostname="Sundus-Firdous" failures="0" tests="1" name="com.vwo.tests.LoginTest" time="17.680" errors="0" timestamp="2024-03-17T17:03:03 IST" skipped="0">
  <testcase classname="com.vwo.tests.LoginTest" name="loginTest" time="17.680"/>
  <system-out/>
</testsuite> <!-- com.vwo.tests.LoginTest -->
