<?xml version="1.0" encoding="UTF-8"?>
<!-- Generated by org.testng.reporters.JUnitReportReporter -->
<testsuite hostname="Sundus-Firdous" failures="0" tests="1" name="com.facebook.tests.LoginTest" time="23.937" errors="0" timestamp="2024-03-17T15:51:55 IST" skipped="0">
  <testcase classname="com.facebook.tests.LoginTest" name="loginTest" time="23.937"/>
  <system-out/>
</testsuite> <!-- com.facebook.tests.LoginTest -->
